TN:
SF:src\js\Character.js
FN:16,(anonymous_0)
FN:28,(anonymous_1)
FNF:2
FNH:1
FNDA:14,(anonymous_0)
FNDA:0,(anonymous_1)
DA:17,14
DA:18,14
DA:19,14
DA:20,14
DA:21,14
DA:23,14
DA:24,1
DA:29,0
DA:30,0
DA:31,0
DA:33,0
DA:34,0
DA:37,0
DA:38,0
LF:14
LH:7
BRDA:16,0,0,1
BRDA:23,1,0,1
BRDA:23,1,1,13
BRDA:33,2,0,0
BRDA:33,2,1,0
BRF:5
BRH:3
end_of_record
TN:
SF:src\js\GameController.js
FN:16,(anonymous_0)
FN:26,(anonymous_1)
FN:48,(anonymous_2)
FN:88,(anonymous_3)
FN:89,(anonymous_4)
FN:95,(anonymous_5)
FN:128,(anonymous_6)
FN:130,(anonymous_7)
FN:131,(anonymous_8)
FN:142,(anonymous_9)
FN:150,(anonymous_10)
FN:156,(anonymous_11)
FN:158,(anonymous_12)
FN:171,(anonymous_13)
FN:186,(anonymous_14)
FN:190,(anonymous_15)
FN:195,(anonymous_16)
FN:207,(anonymous_17)
FN:209,(anonymous_18)
FN:219,(anonymous_19)
FN:227,(anonymous_20)
FN:230,(anonymous_21)
FN:236,(anonymous_22)
FN:237,(anonymous_23)
FN:256,(anonymous_24)
FN:282,(anonymous_25)
FN:284,(anonymous_26)
FN:311,(anonymous_27)
FN:312,(anonymous_28)
FN:319,(anonymous_29)
FN:329,(anonymous_30)
FN:343,(anonymous_31)
FN:355,(anonymous_32)
FN:356,(anonymous_33)
FN:362,(anonymous_34)
FN:374,(anonymous_35)
FN:388,(anonymous_36)
FN:398,(anonymous_37)
FN:412,(anonymous_38)
FN:415,(anonymous_39)
FN:425,(anonymous_40)
FN:428,(anonymous_41)
FN:437,(anonymous_42)
FN:438,(anonymous_43)
FN:447,(anonymous_44)
FN:487,(anonymous_45)
FN:490,(anonymous_46)
FN:510,(anonymous_47)
FN:515,(anonymous_48)
FN:529,(anonymous_49)
FNF:50
FNH:20
FNDA:1,(anonymous_0)
FNDA:0,(anonymous_1)
FNDA:2,(anonymous_2)
FNDA:0,(anonymous_3)
FNDA:0,(anonymous_4)
FNDA:5,(anonymous_5)
FNDA:1,(anonymous_6)
FNDA:0,(anonymous_7)
FNDA:0,(anonymous_8)
FNDA:0,(anonymous_9)
FNDA:0,(anonymous_10)
FNDA:0,(anonymous_11)
FNDA:0,(anonymous_12)
FNDA:0,(anonymous_13)
FNDA:0,(anonymous_14)
FNDA:0,(anonymous_15)
FNDA:0,(anonymous_16)
FNDA:0,(anonymous_17)
FNDA:0,(anonymous_18)
FNDA:0,(anonymous_19)
FNDA:0,(anonymous_20)
FNDA:0,(anonymous_21)
FNDA:0,(anonymous_22)
FNDA:0,(anonymous_23)
FNDA:0,(anonymous_24)
FNDA:0,(anonymous_25)
FNDA:0,(anonymous_26)
FNDA:0,(anonymous_27)
FNDA:0,(anonymous_28)
FNDA:0,(anonymous_29)
FNDA:4,(anonymous_30)
FNDA:6,(anonymous_31)
FNDA:20,(anonymous_32)
FNDA:30,(anonymous_33)
FNDA:2,(anonymous_34)
FNDA:2,(anonymous_35)
FNDA:4,(anonymous_36)
FNDA:1,(anonymous_37)
FNDA:10,(anonymous_38)
FNDA:22,(anonymous_39)
FNDA:3,(anonymous_40)
FNDA:9,(anonymous_41)
FNDA:49,(anonymous_42)
FNDA:158,(anonymous_43)
FNDA:12,(anonymous_44)
FNDA:140,(anonymous_45)
FNDA:0,(anonymous_46)
FNDA:0,(anonymous_47)
FNDA:0,(anonymous_48)
FNDA:0,(anonymous_49)
DA:17,1
DA:18,1
DA:19,1
DA:20,1
DA:21,1
DA:22,1
DA:23,1
DA:29,0
DA:30,0
DA:31,0
DA:32,0
DA:33,0
DA:34,0
DA:35,0
DA:36,0
DA:37,0
DA:38,0
DA:39,0
DA:40,0
DA:41,0
DA:51,2
DA:52,2
DA:56,0
DA:57,0
DA:58,0
DA:63,0
DA:64,0
DA:65,0
DA:70,0
DA:71,0
DA:72,0
DA:77,0
DA:78,0
DA:82,0
DA:83,0
DA:87,0
DA:88,0
DA:89,0
DA:90,0
DA:91,0
DA:99,5
DA:100,1
DA:103,5
DA:104,1
DA:105,1
DA:108,5
DA:109,3
DA:110,3
DA:111,3
DA:114,5
DA:115,2
DA:116,1
DA:117,1
DA:121,5
DA:122,2
DA:123,2
DA:130,1
DA:131,1
DA:132,1
DA:133,1
DA:143,0
DA:144,0
DA:145,0
DA:146,0
DA:147,0
DA:148,0
DA:150,0
DA:151,0
DA:152,0
DA:153,0
DA:154,0
DA:157,0
DA:159,0
DA:160,0
DA:162,0
DA:172,0
DA:173,0
DA:174,0
DA:175,0
DA:176,0
DA:177,0
DA:187,0
DA:188,0
DA:190,0
DA:191,0
DA:195,0
DA:196,0
DA:200,0
DA:201,0
DA:203,0
DA:204,0
DA:207,0
DA:208,0
DA:209,0
DA:210,0
DA:211,0
DA:212,0
DA:217,0
DA:218,0
DA:219,0
DA:220,0
DA:221,0
DA:222,0
DA:223,0
DA:224,0
DA:225,0
DA:228,0
DA:229,0
DA:231,0
DA:234,0
DA:235,0
DA:236,0
DA:237,0
DA:238,0
DA:239,0
DA:243,0
DA:244,0
DA:246,0
DA:247,0
DA:257,0
DA:258,0
DA:259,0
DA:262,0
DA:263,0
DA:264,0
DA:265,0
DA:267,0
DA:270,0
DA:271,0
DA:272,0
DA:273,0
DA:274,0
DA:275,0
DA:283,0
DA:284,0
DA:286,0
DA:287,0
DA:288,0
DA:291,0
DA:292,0
DA:293,0
DA:296,0
DA:297,0
DA:298,0
DA:301,0
DA:302,0
DA:303,0
DA:304,0
DA:305,0
DA:312,0
DA:320,0
DA:321,0
DA:330,4
DA:331,4
DA:332,4
DA:333,4
DA:335,0
DA:344,6
DA:345,6
DA:346,6
DA:347,6
DA:349,0
DA:356,30
DA:363,2
DA:364,2
DA:365,2
DA:366,16
DA:368,2
DA:375,2
DA:376,2
DA:377,2
DA:378,16
DA:380,2
DA:389,4
DA:390,4
DA:399,1
DA:400,1
DA:401,2
DA:402,2
DA:403,2
DA:413,10
DA:414,9
DA:415,22
DA:417,1
DA:426,3
DA:427,3
DA:428,9
DA:430,0
DA:438,158
DA:448,12
DA:449,12
DA:450,12
DA:451,12
DA:453,12
DA:454,96
DA:455,96
DA:458,12
DA:459,25
DA:460,25
DA:463,12
DA:464,12
DA:465,7
DA:467,5
DA:468,5
DA:469,5
DA:470,5
DA:471,5
DA:475,12
DA:476,25
DA:477,0
DA:479,25
DA:480,25
DA:481,25
DA:482,25
DA:483,0
DA:487,140
DA:491,0
DA:492,0
DA:493,0
DA:494,0
DA:495,0
DA:496,0
DA:497,0
DA:498,0
DA:499,0
DA:501,0
DA:502,0
DA:503,0
DA:504,0
DA:505,0
DA:506,0
DA:507,0
DA:511,0
DA:512,0
DA:516,0
DA:517,0
DA:518,0
DA:519,0
DA:521,0
DA:522,0
DA:523,0
DA:524,0
DA:525,0
DA:526,0
DA:527,0
DA:528,0
DA:529,0
DA:531,0
DA:533,0
DA:534,0
DA:535,0
DA:537,0
DA:538,0
DA:539,0
DA:541,0
DA:542,0
DA:543,0
DA:545,0
DA:546,0
DA:547,0
DA:549,0
DA:550,0
DA:551,0
DA:553,0
DA:554,0
DA:555,0
DA:558,0
DA:559,0
DA:561,0
DA:562,0
LF:270
LH:88
BRDA:51,0,0,2
BRDA:51,0,1,0
BRDA:51,1,0,2
BRDA:51,1,1,2
BRDA:56,2,0,0
BRDA:56,2,1,0
BRDA:56,3,0,0
BRDA:56,3,1,0
BRDA:56,3,2,0
BRDA:57,4,0,0
BRDA:57,4,1,0
BRDA:63,5,0,0
BRDA:63,5,1,0
BRDA:63,6,0,0
BRDA:63,6,1,0
BRDA:63,6,2,0
BRDA:64,7,0,0
BRDA:64,7,1,0
BRDA:70,8,0,0
BRDA:70,8,1,0
BRDA:70,9,0,0
BRDA:70,9,1,0
BRDA:70,9,2,0
BRDA:71,10,0,0
BRDA:71,10,1,0
BRDA:71,11,0,0
BRDA:71,11,1,0
BRDA:77,12,0,0
BRDA:77,12,1,0
BRDA:82,13,0,0
BRDA:82,13,1,0
BRDA:82,14,0,0
BRDA:82,14,1,0
BRDA:82,14,2,0
BRDA:87,15,0,0
BRDA:87,15,1,0
BRDA:87,16,0,0
BRDA:87,16,1,0
BRDA:99,17,0,1
BRDA:99,17,1,4
BRDA:99,18,0,5
BRDA:99,18,1,3
BRDA:103,19,0,1
BRDA:103,19,1,4
BRDA:103,20,0,5
BRDA:103,20,1,4
BRDA:103,20,2,2
BRDA:108,21,0,3
BRDA:108,21,1,2
BRDA:114,22,0,2
BRDA:114,22,1,3
BRDA:114,23,0,5
BRDA:114,23,1,4
BRDA:114,23,2,2
BRDA:115,24,0,1
BRDA:115,24,1,1
BRDA:121,25,0,2
BRDA:121,25,1,3
BRDA:121,26,0,5
BRDA:121,26,1,4
BRDA:121,26,2,2
BRDA:122,27,0,2
BRDA:122,27,1,0
BRDA:143,28,0,0
BRDA:143,28,1,0
BRDA:147,29,0,0
BRDA:147,29,1,0
BRDA:147,30,0,0
BRDA:147,30,1,0
BRDA:152,31,0,0
BRDA:152,31,1,0
BRDA:187,32,0,0
BRDA:187,32,1,0
BRDA:191,33,0,0
BRDA:191,33,1,0
BRDA:191,33,2,0
BRDA:196,34,0,0
BRDA:196,34,1,0
BRDA:196,34,2,0
BRDA:203,35,0,0
BRDA:203,35,1,0
BRDA:203,36,0,0
BRDA:203,36,1,0
BRDA:210,37,0,0
BRDA:210,37,1,0
BRDA:217,38,0,0
BRDA:217,38,1,0
BRDA:221,39,0,0
BRDA:221,39,1,0
BRDA:238,40,0,0
BRDA:238,40,1,0
BRDA:257,41,0,0
BRDA:257,41,1,0
BRDA:262,42,0,0
BRDA:262,42,1,0
BRDA:262,43,0,0
BRDA:262,43,1,0
BRDA:270,44,0,0
BRDA:270,44,1,0
BRDA:270,45,0,0
BRDA:270,45,1,0
BRDA:286,46,0,0
BRDA:286,46,1,0
BRDA:291,47,0,0
BRDA:291,47,1,0
BRDA:296,48,0,0
BRDA:296,48,1,0
BRDA:330,49,0,4
BRDA:330,49,1,0
BRDA:344,50,0,6
BRDA:344,50,1,0
BRDA:413,51,0,9
BRDA:413,51,1,1
BRDA:426,52,0,3
BRDA:426,52,1,0
BRDA:464,53,0,7
BRDA:464,53,1,5
BRDA:470,54,0,5
BRDA:470,54,1,0
BRDA:476,55,0,0
BRDA:476,55,1,25
BRDA:482,56,0,0
BRDA:482,56,1,25
BRDA:487,57,0,140
BRDA:487,57,1,113
BRDA:518,58,0,0
BRDA:518,58,1,0
BRDA:531,59,0,0
BRDA:531,59,1,0
BRDA:531,59,2,0
BRDA:531,59,3,0
BRDA:531,59,4,0
BRDA:531,59,5,0
BRF:133
BRH:39
end_of_record
TN:
SF:src\js\GamePlay.js
FN:5,(anonymous_0)
FN:18,(anonymous_1)
FN:30,(anonymous_2)
FN:48,(anonymous_3)
FN:49,(anonymous_4)
FN:50,(anonymous_5)
FN:58,(anonymous_6)
FN:59,(anonymous_7)
FN:60,(anonymous_8)
FN:72,(anonymous_9)
FN:100,(anonymous_10)
FN:109,(anonymous_11)
FN:118,(anonymous_12)
FN:127,(anonymous_13)
FN:136,(anonymous_14)
FN:145,(anonymous_15)
FN:149,(anonymous_16)
FN:152,(anonymous_17)
FN:155,(anonymous_18)
FN:158,(anonymous_19)
FN:161,(anonymous_20)
FN:163,(anonymous_21)
FN:166,(anonymous_22)
FN:168,(anonymous_23)
FN:171,(anonymous_24)
FN:173,(anonymous_25)
FN:176,(anonymous_26)
FN:178,(anonymous_27)
FN:181,(anonymous_28)
FN:185,(anonymous_29)
FN:189,(anonymous_30)
FN:194,(anonymous_31)
FN:197,(anonymous_32)
FN:200,(anonymous_33)
FN:204,(anonymous_34)
FN:208,(anonymous_35)
FN:209,(anonymous_36)
FN:216,(anonymous_37)
FN:223,(anonymous_38)
FN:227,(anonymous_39)
FNF:40
FNH:2
FNDA:1,(anonymous_0)
FNDA:0,(anonymous_1)
FNDA:0,(anonymous_2)
FNDA:0,(anonymous_3)
FNDA:0,(anonymous_4)
FNDA:0,(anonymous_5)
FNDA:0,(anonymous_6)
FNDA:0,(anonymous_7)
FNDA:0,(anonymous_8)
FNDA:0,(anonymous_9)
FNDA:0,(anonymous_10)
FNDA:0,(anonymous_11)
FNDA:0,(anonymous_12)
FNDA:0,(anonymous_13)
FNDA:0,(anonymous_14)
FNDA:0,(anonymous_15)
FNDA:0,(anonymous_16)
FNDA:0,(anonymous_17)
FNDA:0,(anonymous_18)
FNDA:0,(anonymous_19)
FNDA:0,(anonymous_20)
FNDA:0,(anonymous_21)
FNDA:0,(anonymous_22)
FNDA:0,(anonymous_23)
FNDA:0,(anonymous_24)
FNDA:0,(anonymous_25)
FNDA:0,(anonymous_26)
FNDA:0,(anonymous_27)
FNDA:1,(anonymous_28)
FNDA:0,(anonymous_29)
FNDA:0,(anonymous_30)
FNDA:0,(anonymous_31)
FNDA:0,(anonymous_32)
FNDA:0,(anonymous_33)
FNDA:0,(anonymous_34)
FNDA:0,(anonymous_35)
FNDA:0,(anonymous_36)
FNDA:0,(anonymous_37)
FNDA:0,(anonymous_38)
FNDA:0,(anonymous_39)
DA:6,1
DA:7,1
DA:8,1
DA:9,1
DA:10,1
DA:11,1
DA:12,1
DA:13,1
DA:14,1
DA:15,1
DA:19,0
DA:20,0
DA:22,0
DA:31,0
DA:33,0
DA:44,0
DA:45,0
DA:46,0
DA:48,0
DA:49,0
DA:50,0
DA:52,0
DA:54,0
DA:55,0
DA:56,0
DA:57,0
DA:58,0
DA:59,0
DA:60,0
DA:61,0
DA:64,0
DA:73,0
DA:74,0
DA:77,0
DA:78,0
DA:79,0
DA:80,0
DA:82,0
DA:83,0
DA:85,0
DA:86,0
DA:87,0
DA:88,0
DA:90,0
DA:91,0
DA:101,0
DA:110,0
DA:119,0
DA:128,0
DA:137,0
DA:146,0
DA:150,0
DA:151,0
DA:152,0
DA:156,0
DA:157,0
DA:158,0
DA:162,0
DA:163,0
DA:167,0
DA:168,0
DA:172,0
DA:173,0
DA:177,0
DA:178,0
DA:182,1
DA:186,0
DA:190,0
DA:191,0
DA:195,0
DA:196,0
DA:197,0
DA:201,0
DA:205,0
DA:209,0
DA:210,0
DA:211,0
DA:212,0
DA:213,0
DA:214,0
DA:216,0
DA:217,0
DA:218,0
DA:224,0
DA:228,0
DA:229,0
LF:86
LH:11
BRDA:19,0,0,0
BRDA:19,0,1,0
BRDA:189,1,0,0
BRDA:228,2,0,0
BRDA:228,2,1,0
BRF:5
BRH:0
end_of_record
TN:
SF:src\js\GameState.js
FN:2,(anonymous_0)
FN:11,(anonymous_1)
FNF:2
FNH:1
FNDA:1,(anonymous_0)
FNDA:0,(anonymous_1)
DA:3,1
DA:4,1
DA:5,1
DA:6,1
DA:7,1
DA:8,1
DA:13,0
DA:14,0
DA:16,0
LF:9
LH:6
BRDA:13,0,0,0
BRDA:13,0,1,0
BRF:2
BRH:0
end_of_record
TN:
SF:src\js\GameStateService.js
FN:2,(anonymous_0)
FN:6,(anonymous_1)
FN:10,(anonymous_2)
FNF:3
FNH:2
FNDA:3,(anonymous_0)
FNDA:0,(anonymous_1)
FNDA:2,(anonymous_2)
DA:3,3
DA:7,0
DA:11,2
DA:12,2
DA:14,2
LF:5
LH:4
BRF:0
BRH:0
end_of_record
TN:
SF:src\js\PositionedCharacter.js
FN:4,(anonymous_0)
FNF:1
FNH:1
FNDA:6,(anonymous_0)
DA:5,6
DA:6,0
DA:9,6
DA:10,0
DA:13,6
DA:14,6
LF:6
LH:4
BRDA:5,0,0,0
BRDA:5,0,1,6
BRDA:9,1,0,0
BRDA:9,1,1,6
BRF:4
BRH:2
end_of_record
TN:
SF:src\js\Team.js
FN:16,(anonymous_0)
FN:20,(anonymous_1)
FN:27,(anonymous_2)
FN:31,(anonymous_3)
FN:35,(anonymous_4)
FN:39,(anonymous_5)
FNF:6
FNH:3
FNDA:3,(anonymous_0)
FNDA:0,(anonymous_1)
FNDA:1,(anonymous_2)
FNDA:0,(anonymous_3)
FNDA:0,(anonymous_4)
FNDA:1,(anonymous_5)
DA:17,3
DA:21,0
DA:22,0
DA:24,0
DA:28,1
DA:32,0
DA:36,0
DA:40,1
DA:41,2
LF:9
LH:4
BRDA:21,0,0,0
BRDA:21,0,1,0
BRF:2
BRH:0
end_of_record
TN:
SF:src\js\cursors.js
FNF:0
FNH:0
DA:1,1
LF:1
LH:1
BRF:0
BRH:0
end_of_record
TN:
SF:src\js\generators.js
FN:11,characterGenerator
FN:27,generateTeam
FNF:2
FNH:0
FNDA:0,characterGenerator
FNDA:0,generateTeam
DA:13,0
DA:14,0
DA:15,0
DA:16,0
DA:29,0
DA:30,0
DA:32,0
DA:33,0
DA:36,0
LF:9
LH:0
BRF:0
BRH:0
end_of_record
TN:
SF:src\js\themes.js
FNF:0
FNH:0
DA:1,1
LF:1
LH:1
BRF:0
BRH:0
end_of_record
TN:
SF:src\js\utils.js
FN:25,calcTileType
FN:61,calcHealthLevel
FNF:2
FNH:2
FNDA:9,calcTileType
FNDA:3,calcHealthLevel
DA:27,9
DA:28,1
DA:31,8
DA:32,1
DA:35,7
DA:36,1
DA:39,6
DA:40,1
DA:43,5
DA:44,1
DA:47,4
DA:48,1
DA:51,3
DA:52,1
DA:54,2
DA:55,1
DA:58,1
DA:62,3
DA:63,1
DA:66,2
DA:67,1
DA:70,1
LF:22
LH:22
BRDA:27,0,0,1
BRDA:27,0,1,8
BRDA:31,1,0,1
BRDA:31,1,1,7
BRDA:31,2,0,8
BRDA:31,2,1,8
BRDA:35,3,0,1
BRDA:35,3,1,6
BRDA:39,4,0,1
BRDA:39,4,1,5
BRDA:43,5,0,1
BRDA:43,5,1,4
BRDA:43,6,0,5
BRDA:43,6,1,2
BRDA:47,7,0,1
BRDA:47,7,1,3
BRDA:51,8,0,1
BRDA:51,8,1,2
BRDA:54,9,0,1
BRDA:54,9,1,1
BRDA:62,10,0,1
BRDA:62,10,1,2
BRDA:66,11,0,1
BRDA:66,11,1,1
BRF:24
BRH:24
end_of_record
TN:
SF:src\js\characters\Bowman.js
FN:4,(anonymous_0)
FNF:1
FNH:1
FNDA:4,(anonymous_0)
DA:5,4
DA:6,4
DA:7,4
DA:8,4
DA:9,4
LF:5
LH:5
BRDA:4,0,0,4
BRF:1
BRH:1
end_of_record
TN:
SF:src\js\characters\Daemon.js
FN:4,(anonymous_0)
FNF:1
FNH:1
FNDA:2,(anonymous_0)
DA:5,2
DA:6,2
DA:7,2
DA:8,2
DA:9,2
LF:5
LH:5
BRDA:4,0,0,2
BRF:1
BRH:1
end_of_record
TN:
SF:src\js\characters\Magician.js
FN:4,(anonymous_0)
FNF:1
FNH:1
FNDA:1,(anonymous_0)
DA:5,1
DA:6,1
DA:7,1
DA:8,1
DA:9,1
LF:5
LH:5
BRDA:4,0,0,1
BRF:1
BRH:1
end_of_record
TN:
SF:src\js\characters\Swordsman.js
FN:4,(anonymous_0)
FNF:1
FNH:1
FNDA:3,(anonymous_0)
DA:5,3
DA:6,3
DA:7,3
DA:8,3
DA:9,3
LF:5
LH:5
BRDA:4,0,0,3
BRF:1
BRH:1
end_of_record
TN:
SF:src\js\characters\Undead.js
FN:4,(anonymous_0)
FNF:1
FNH:1
FNDA:1,(anonymous_0)
DA:5,1
DA:6,1
DA:7,1
DA:8,1
DA:9,1
LF:5
LH:5
BRDA:4,0,0,1
BRF:1
BRH:1
end_of_record
TN:
SF:src\js\characters\Vampire.js
FN:4,(anonymous_0)
FNF:1
FNH:1
FNDA:2,(anonymous_0)
DA:5,2
DA:6,2
DA:7,2
DA:8,2
DA:9,2
LF:5
LH:5
BRDA:4,0,0,2
BRF:1
BRH:1
end_of_record
