TN:
SF:src\js\Character.js
FN:17,(anonymous_0)
FN:29,(anonymous_1)
FNF:2
FNH:1
FNDA:14,(anonymous_0)
FNDA:0,(anonymous_1)
DA:18,14
DA:19,14
DA:20,14
DA:21,14
DA:22,14
DA:24,14
DA:25,1
DA:30,0
DA:31,0
DA:32,0
DA:34,0
DA:35,0
DA:38,0
DA:39,0
LF:14
LH:7
BRDA:17,0,0,1
BRDA:24,1,0,1
BRDA:24,1,1,13
BRDA:34,2,0,0
BRDA:34,2,1,0
BRF:5
BRH:3
end_of_record
TN:
SF:src\js\GameController.js
FN:19,(anonymous_0)
FN:29,(anonymous_1)
FN:51,(anonymous_2)
FN:91,(anonymous_3)
FN:92,(anonymous_4)
FN:98,(anonymous_5)
FN:131,(anonymous_6)
FN:133,(anonymous_7)
FN:134,(anonymous_8)
FN:145,(anonymous_9)
FN:153,(anonymous_10)
FN:159,(anonymous_11)
FN:161,(anonymous_12)
FN:174,(anonymous_13)
FN:189,(anonymous_14)
FN:193,(anonymous_15)
FN:198,(anonymous_16)
FN:210,(anonymous_17)
FN:212,(anonymous_18)
FN:222,(anonymous_19)
FN:230,(anonymous_20)
FN:233,(anonymous_21)
FN:239,(anonymous_22)
FN:240,(anonymous_23)
FN:259,(anonymous_24)
FN:285,(anonymous_25)
FN:287,(anonymous_26)
FN:314,(anonymous_27)
FN:315,(anonymous_28)
FN:322,(anonymous_29)
FN:332,(anonymous_30)
FN:346,(anonymous_31)
FN:358,(anonymous_32)
FN:359,(anonymous_33)
FN:365,(anonymous_34)
FN:377,(anonymous_35)
FN:391,(anonymous_36)
FN:401,(anonymous_37)
FN:415,(anonymous_38)
FN:418,(anonymous_39)
FN:428,(anonymous_40)
FN:431,(anonymous_41)
FN:440,(anonymous_42)
FN:441,(anonymous_43)
FN:450,(anonymous_44)
FN:490,(anonymous_45)
FN:493,(anonymous_46)
FN:513,(anonymous_47)
FN:518,(anonymous_48)
FN:532,(anonymous_49)
FNF:50
FNH:20
FNDA:1,(anonymous_0)
FNDA:0,(anonymous_1)
FNDA:2,(anonymous_2)
FNDA:0,(anonymous_3)
FNDA:0,(anonymous_4)
FNDA:5,(anonymous_5)
FNDA:1,(anonymous_6)
FNDA:0,(anonymous_7)
FNDA:0,(anonymous_8)
FNDA:0,(anonymous_9)
FNDA:0,(anonymous_10)
FNDA:0,(anonymous_11)
FNDA:0,(anonymous_12)
FNDA:0,(anonymous_13)
FNDA:0,(anonymous_14)
FNDA:0,(anonymous_15)
FNDA:0,(anonymous_16)
FNDA:0,(anonymous_17)
FNDA:0,(anonymous_18)
FNDA:0,(anonymous_19)
FNDA:0,(anonymous_20)
FNDA:0,(anonymous_21)
FNDA:0,(anonymous_22)
FNDA:0,(anonymous_23)
FNDA:0,(anonymous_24)
FNDA:0,(anonymous_25)
FNDA:0,(anonymous_26)
FNDA:0,(anonymous_27)
FNDA:0,(anonymous_28)
FNDA:0,(anonymous_29)
FNDA:4,(anonymous_30)
FNDA:6,(anonymous_31)
FNDA:20,(anonymous_32)
FNDA:30,(anonymous_33)
FNDA:2,(anonymous_34)
FNDA:2,(anonymous_35)
FNDA:4,(anonymous_36)
FNDA:1,(anonymous_37)
FNDA:10,(anonymous_38)
FNDA:22,(anonymous_39)
FNDA:3,(anonymous_40)
FNDA:9,(anonymous_41)
FNDA:49,(anonymous_42)
FNDA:158,(anonymous_43)
FNDA:12,(anonymous_44)
FNDA:140,(anonymous_45)
FNDA:0,(anonymous_46)
FNDA:0,(anonymous_47)
FNDA:0,(anonymous_48)
FNDA:0,(anonymous_49)
DA:20,1
DA:21,1
DA:22,1
DA:23,1
DA:24,1
DA:25,1
DA:26,1
DA:32,0
DA:33,0
DA:34,0
DA:35,0
DA:36,0
DA:37,0
DA:38,0
DA:39,0
DA:40,0
DA:41,0
DA:42,0
DA:43,0
DA:44,0
DA:54,2
DA:55,2
DA:59,0
DA:60,0
DA:61,0
DA:66,0
DA:67,0
DA:68,0
DA:73,0
DA:74,0
DA:75,0
DA:80,0
DA:81,0
DA:85,0
DA:86,0
DA:90,0
DA:91,0
DA:92,0
DA:93,0
DA:94,0
DA:102,5
DA:103,1
DA:106,5
DA:107,1
DA:108,1
DA:111,5
DA:112,3
DA:113,3
DA:114,3
DA:117,5
DA:118,2
DA:119,1
DA:120,1
DA:124,5
DA:125,2
DA:126,2
DA:133,1
DA:134,1
DA:135,1
DA:136,1
DA:146,0
DA:147,0
DA:148,0
DA:149,0
DA:150,0
DA:151,0
DA:153,0
DA:154,0
DA:155,0
DA:156,0
DA:157,0
DA:160,0
DA:162,0
DA:163,0
DA:165,0
DA:175,0
DA:176,0
DA:177,0
DA:178,0
DA:179,0
DA:180,0
DA:190,0
DA:191,0
DA:193,0
DA:194,0
DA:198,0
DA:199,0
DA:203,0
DA:204,0
DA:206,0
DA:207,0
DA:210,0
DA:211,0
DA:212,0
DA:213,0
DA:214,0
DA:215,0
DA:220,0
DA:221,0
DA:222,0
DA:223,0
DA:224,0
DA:225,0
DA:226,0
DA:227,0
DA:228,0
DA:231,0
DA:232,0
DA:234,0
DA:237,0
DA:238,0
DA:239,0
DA:240,0
DA:241,0
DA:242,0
DA:246,0
DA:247,0
DA:249,0
DA:250,0
DA:260,0
DA:261,0
DA:262,0
DA:265,0
DA:266,0
DA:267,0
DA:268,0
DA:270,0
DA:273,0
DA:274,0
DA:275,0
DA:276,0
DA:277,0
DA:278,0
DA:286,0
DA:287,0
DA:289,0
DA:290,0
DA:291,0
DA:294,0
DA:295,0
DA:296,0
DA:299,0
DA:300,0
DA:301,0
DA:304,0
DA:305,0
DA:306,0
DA:307,0
DA:308,0
DA:315,0
DA:323,0
DA:324,0
DA:333,4
DA:334,4
DA:335,4
DA:336,4
DA:338,0
DA:347,6
DA:348,6
DA:349,6
DA:350,6
DA:352,0
DA:359,30
DA:366,2
DA:367,2
DA:368,2
DA:369,16
DA:371,2
DA:378,2
DA:379,2
DA:380,2
DA:381,16
DA:383,2
DA:392,4
DA:393,4
DA:402,1
DA:403,1
DA:404,2
DA:405,2
DA:406,2
DA:416,10
DA:417,9
DA:418,22
DA:420,1
DA:429,3
DA:430,3
DA:431,9
DA:433,0
DA:441,158
DA:451,12
DA:452,12
DA:453,12
DA:454,12
DA:456,12
DA:457,96
DA:458,96
DA:461,12
DA:462,25
DA:463,25
DA:466,12
DA:467,12
DA:468,7
DA:470,5
DA:471,5
DA:472,5
DA:473,5
DA:474,5
DA:478,12
DA:479,25
DA:480,0
DA:482,25
DA:483,25
DA:484,25
DA:485,25
DA:486,0
DA:490,140
DA:494,0
DA:495,0
DA:496,0
DA:497,0
DA:498,0
DA:499,0
DA:500,0
DA:501,0
DA:502,0
DA:504,0
DA:505,0
DA:506,0
DA:507,0
DA:508,0
DA:509,0
DA:510,0
DA:514,0
DA:515,0
DA:519,0
DA:520,0
DA:521,0
DA:522,0
DA:524,0
DA:525,0
DA:526,0
DA:527,0
DA:528,0
DA:529,0
DA:530,0
DA:531,0
DA:532,0
DA:534,0
DA:536,0
DA:537,0
DA:538,0
DA:540,0
DA:541,0
DA:542,0
DA:544,0
DA:545,0
DA:546,0
DA:548,0
DA:549,0
DA:550,0
DA:552,0
DA:553,0
DA:554,0
DA:556,0
DA:557,0
DA:558,0
DA:561,0
DA:562,0
DA:564,0
DA:565,0
LF:270
LH:88
BRDA:54,0,0,2
BRDA:54,0,1,0
BRDA:54,1,0,2
BRDA:54,1,1,2
BRDA:59,2,0,0
BRDA:59,2,1,0
BRDA:59,3,0,0
BRDA:59,3,1,0
BRDA:59,3,2,0
BRDA:60,4,0,0
BRDA:60,4,1,0
BRDA:66,5,0,0
BRDA:66,5,1,0
BRDA:66,6,0,0
BRDA:66,6,1,0
BRDA:66,6,2,0
BRDA:67,7,0,0
BRDA:67,7,1,0
BRDA:73,8,0,0
BRDA:73,8,1,0
BRDA:73,9,0,0
BRDA:73,9,1,0
BRDA:73,9,2,0
BRDA:74,10,0,0
BRDA:74,10,1,0
BRDA:74,11,0,0
BRDA:74,11,1,0
BRDA:80,12,0,0
BRDA:80,12,1,0
BRDA:85,13,0,0
BRDA:85,13,1,0
BRDA:85,14,0,0
BRDA:85,14,1,0
BRDA:85,14,2,0
BRDA:90,15,0,0
BRDA:90,15,1,0
BRDA:90,16,0,0
BRDA:90,16,1,0
BRDA:102,17,0,1
BRDA:102,17,1,4
BRDA:102,18,0,5
BRDA:102,18,1,3
BRDA:106,19,0,1
BRDA:106,19,1,4
BRDA:106,20,0,5
BRDA:106,20,1,4
BRDA:106,20,2,2
BRDA:111,21,0,3
BRDA:111,21,1,2
BRDA:117,22,0,2
BRDA:117,22,1,3
BRDA:117,23,0,5
BRDA:117,23,1,4
BRDA:117,23,2,2
BRDA:118,24,0,1
BRDA:118,24,1,1
BRDA:124,25,0,2
BRDA:124,25,1,3
BRDA:124,26,0,5
BRDA:124,26,1,4
BRDA:124,26,2,2
BRDA:125,27,0,2
BRDA:125,27,1,0
BRDA:146,28,0,0
BRDA:146,28,1,0
BRDA:150,29,0,0
BRDA:150,29,1,0
BRDA:150,30,0,0
BRDA:150,30,1,0
BRDA:155,31,0,0
BRDA:155,31,1,0
BRDA:190,32,0,0
BRDA:190,32,1,0
BRDA:194,33,0,0
BRDA:194,33,1,0
BRDA:194,33,2,0
BRDA:199,34,0,0
BRDA:199,34,1,0
BRDA:199,34,2,0
BRDA:206,35,0,0
BRDA:206,35,1,0
BRDA:206,36,0,0
BRDA:206,36,1,0
BRDA:213,37,0,0
BRDA:213,37,1,0
BRDA:220,38,0,0
BRDA:220,38,1,0
BRDA:224,39,0,0
BRDA:224,39,1,0
BRDA:241,40,0,0
BRDA:241,40,1,0
BRDA:260,41,0,0
BRDA:260,41,1,0
BRDA:265,42,0,0
BRDA:265,42,1,0
BRDA:265,43,0,0
BRDA:265,43,1,0
BRDA:273,44,0,0
BRDA:273,44,1,0
BRDA:273,45,0,0
BRDA:273,45,1,0
BRDA:289,46,0,0
BRDA:289,46,1,0
BRDA:294,47,0,0
BRDA:294,47,1,0
BRDA:299,48,0,0
BRDA:299,48,1,0
BRDA:333,49,0,4
BRDA:333,49,1,0
BRDA:347,50,0,6
BRDA:347,50,1,0
BRDA:416,51,0,9
BRDA:416,51,1,1
BRDA:429,52,0,3
BRDA:429,52,1,0
BRDA:467,53,0,7
BRDA:467,53,1,5
BRDA:473,54,0,5
BRDA:473,54,1,0
BRDA:479,55,0,0
BRDA:479,55,1,25
BRDA:485,56,0,0
BRDA:485,56,1,25
BRDA:490,57,0,140
BRDA:490,57,1,113
BRDA:521,58,0,0
BRDA:521,58,1,0
BRDA:534,59,0,0
BRDA:534,59,1,0
BRDA:534,59,2,0
BRDA:534,59,3,0
BRDA:534,59,4,0
BRDA:534,59,5,0
BRF:133
BRH:39
end_of_record
TN:
SF:src\js\GamePlay.js
FN:6,(anonymous_0)
FN:19,(anonymous_1)
FN:31,(anonymous_2)
FN:49,(anonymous_3)
FN:50,(anonymous_4)
FN:51,(anonymous_5)
FN:59,(anonymous_6)
FN:60,(anonymous_7)
FN:61,(anonymous_8)
FN:73,(anonymous_9)
FN:101,(anonymous_10)
FN:110,(anonymous_11)
FN:119,(anonymous_12)
FN:128,(anonymous_13)
FN:137,(anonymous_14)
FN:146,(anonymous_15)
FN:150,(anonymous_16)
FN:153,(anonymous_17)
FN:156,(anonymous_18)
FN:159,(anonymous_19)
FN:162,(anonymous_20)
FN:164,(anonymous_21)
FN:167,(anonymous_22)
FN:169,(anonymous_23)
FN:172,(anonymous_24)
FN:174,(anonymous_25)
FN:177,(anonymous_26)
FN:179,(anonymous_27)
FN:182,(anonymous_28)
FN:186,(anonymous_29)
FN:190,(anonymous_30)
FN:195,(anonymous_31)
FN:198,(anonymous_32)
FN:201,(anonymous_33)
FN:205,(anonymous_34)
FN:209,(anonymous_35)
FN:210,(anonymous_36)
FN:217,(anonymous_37)
FN:224,(anonymous_38)
FN:228,(anonymous_39)
FNF:40
FNH:2
FNDA:1,(anonymous_0)
FNDA:0,(anonymous_1)
FNDA:0,(anonymous_2)
FNDA:0,(anonymous_3)
FNDA:0,(anonymous_4)
FNDA:0,(anonymous_5)
FNDA:0,(anonymous_6)
FNDA:0,(anonymous_7)
FNDA:0,(anonymous_8)
FNDA:0,(anonymous_9)
FNDA:0,(anonymous_10)
FNDA:0,(anonymous_11)
FNDA:0,(anonymous_12)
FNDA:0,(anonymous_13)
FNDA:0,(anonymous_14)
FNDA:0,(anonymous_15)
FNDA:0,(anonymous_16)
FNDA:0,(anonymous_17)
FNDA:0,(anonymous_18)
FNDA:0,(anonymous_19)
FNDA:0,(anonymous_20)
FNDA:0,(anonymous_21)
FNDA:0,(anonymous_22)
FNDA:0,(anonymous_23)
FNDA:0,(anonymous_24)
FNDA:0,(anonymous_25)
FNDA:0,(anonymous_26)
FNDA:0,(anonymous_27)
FNDA:1,(anonymous_28)
FNDA:0,(anonymous_29)
FNDA:0,(anonymous_30)
FNDA:0,(anonymous_31)
FNDA:0,(anonymous_32)
FNDA:0,(anonymous_33)
FNDA:0,(anonymous_34)
FNDA:0,(anonymous_35)
FNDA:0,(anonymous_36)
FNDA:0,(anonymous_37)
FNDA:0,(anonymous_38)
FNDA:0,(anonymous_39)
DA:7,1
DA:8,1
DA:9,1
DA:10,1
DA:11,1
DA:12,1
DA:13,1
DA:14,1
DA:15,1
DA:16,1
DA:20,0
DA:21,0
DA:23,0
DA:32,0
DA:34,0
DA:45,0
DA:46,0
DA:47,0
DA:49,0
DA:50,0
DA:51,0
DA:53,0
DA:55,0
DA:56,0
DA:57,0
DA:58,0
DA:59,0
DA:60,0
DA:61,0
DA:62,0
DA:65,0
DA:74,0
DA:75,0
DA:78,0
DA:79,0
DA:80,0
DA:81,0
DA:83,0
DA:84,0
DA:86,0
DA:87,0
DA:88,0
DA:89,0
DA:91,0
DA:92,0
DA:102,0
DA:111,0
DA:120,0
DA:129,0
DA:138,0
DA:147,0
DA:151,0
DA:152,0
DA:153,0
DA:157,0
DA:158,0
DA:159,0
DA:163,0
DA:164,0
DA:168,0
DA:169,0
DA:173,0
DA:174,0
DA:178,0
DA:179,0
DA:183,1
DA:187,0
DA:191,0
DA:192,0
DA:196,0
DA:197,0
DA:198,0
DA:202,0
DA:206,0
DA:210,0
DA:211,0
DA:212,0
DA:213,0
DA:214,0
DA:215,0
DA:217,0
DA:218,0
DA:219,0
DA:225,0
DA:229,0
DA:230,0
LF:86
LH:11
BRDA:20,0,0,0
BRDA:20,0,1,0
BRDA:190,1,0,0
BRDA:229,2,0,0
BRDA:229,2,1,0
BRF:5
BRH:0
end_of_record
TN:
SF:src\js\GameState.js
FN:3,(anonymous_0)
FN:12,(anonymous_1)
FNF:2
FNH:1
FNDA:1,(anonymous_0)
FNDA:0,(anonymous_1)
DA:4,1
DA:5,1
DA:6,1
DA:7,1
DA:8,1
DA:9,1
DA:14,0
DA:15,0
DA:17,0
LF:9
LH:6
BRDA:14,0,0,0
BRDA:14,0,1,0
BRF:2
BRH:0
end_of_record
TN:
SF:src\js\GameStateService.js
FN:3,(anonymous_0)
FN:7,(anonymous_1)
FN:11,(anonymous_2)
FNF:3
FNH:2
FNDA:3,(anonymous_0)
FNDA:0,(anonymous_1)
FNDA:2,(anonymous_2)
DA:4,3
DA:8,0
DA:12,2
DA:13,2
DA:15,2
LF:5
LH:4
BRF:0
BRH:0
end_of_record
TN:
SF:src\js\PositionedCharacter.js
FN:5,(anonymous_0)
FNF:1
FNH:1
FNDA:6,(anonymous_0)
DA:6,6
DA:7,0
DA:10,6
DA:11,0
DA:14,6
DA:15,6
LF:6
LH:4
BRDA:6,0,0,0
BRDA:6,0,1,6
BRDA:10,1,0,0
BRDA:10,1,1,6
BRF:4
BRH:2
end_of_record
TN:
SF:src\js\Team.js
FN:17,(anonymous_0)
FN:21,(anonymous_1)
FN:28,(anonymous_2)
FN:32,(anonymous_3)
FN:36,(anonymous_4)
FN:40,(anonymous_5)
FNF:6
FNH:3
FNDA:3,(anonymous_0)
FNDA:0,(anonymous_1)
FNDA:1,(anonymous_2)
FNDA:0,(anonymous_3)
FNDA:0,(anonymous_4)
FNDA:1,(anonymous_5)
DA:18,3
DA:22,0
DA:23,0
DA:25,0
DA:29,1
DA:33,0
DA:37,0
DA:41,1
DA:42,2
LF:9
LH:4
BRDA:22,0,0,0
BRDA:22,0,1,0
BRF:2
BRH:0
end_of_record
TN:
SF:src\js\cursors.js
FNF:0
FNH:0
DA:2,1
LF:1
LH:1
BRF:0
BRH:0
end_of_record
TN:
SF:src\js\generators.js
FN:9,characterGenerator
FN:18,generateTeam
FNF:2
FNH:0
FNDA:0,characterGenerator
FNDA:0,generateTeam
DA:11,0
DA:12,0
DA:13,0
DA:14,0
DA:20,0
DA:21,0
DA:23,0
DA:24,0
DA:27,0
LF:9
LH:0
BRF:0
BRH:0
end_of_record
TN:
SF:src\js\themes.js
FNF:0
FNH:0
DA:2,1
LF:1
LH:1
BRF:0
BRH:0
end_of_record
TN:
SF:src\js\utils.js
FN:26,calcTileType
FN:62,calcHealthLevel
FNF:2
FNH:2
FNDA:9,calcTileType
FNDA:3,calcHealthLevel
DA:28,9
DA:29,1
DA:32,8
DA:33,1
DA:36,7
DA:37,1
DA:40,6
DA:41,1
DA:44,5
DA:45,1
DA:48,4
DA:49,1
DA:52,3
DA:53,1
DA:55,2
DA:56,1
DA:59,1
DA:63,3
DA:64,1
DA:67,2
DA:68,1
DA:71,1
LF:22
LH:22
BRDA:28,0,0,1
BRDA:28,0,1,8
BRDA:32,1,0,1
BRDA:32,1,1,7
BRDA:32,2,0,8
BRDA:32,2,1,8
BRDA:36,3,0,1
BRDA:36,3,1,6
BRDA:40,4,0,1
BRDA:40,4,1,5
BRDA:44,5,0,1
BRDA:44,5,1,4
BRDA:44,6,0,5
BRDA:44,6,1,2
BRDA:48,7,0,1
BRDA:48,7,1,3
BRDA:52,8,0,1
BRDA:52,8,1,2
BRDA:55,9,0,1
BRDA:55,9,1,1
BRDA:63,10,0,1
BRDA:63,10,1,2
BRDA:67,11,0,1
BRDA:67,11,1,1
BRF:24
BRH:24
end_of_record
TN:
SF:src\js\characters\Bowman.js
FN:4,(anonymous_0)
FNF:1
FNH:1
FNDA:4,(anonymous_0)
DA:5,4
DA:6,4
DA:7,4
DA:8,4
DA:9,4
LF:5
LH:5
BRDA:4,0,0,4
BRF:1
BRH:1
end_of_record
TN:
SF:src\js\characters\Daemon.js
FN:4,(anonymous_0)
FNF:1
FNH:1
FNDA:2,(anonymous_0)
DA:5,2
DA:6,2
DA:7,2
DA:8,2
DA:9,2
LF:5
LH:5
BRDA:4,0,0,2
BRF:1
BRH:1
end_of_record
TN:
SF:src\js\characters\Magician.js
FN:4,(anonymous_0)
FNF:1
FNH:1
FNDA:1,(anonymous_0)
DA:5,1
DA:6,1
DA:7,1
DA:8,1
DA:9,1
LF:5
LH:5
BRDA:4,0,0,1
BRF:1
BRH:1
end_of_record
TN:
SF:src\js\characters\Swordsman.js
FN:4,(anonymous_0)
FNF:1
FNH:1
FNDA:3,(anonymous_0)
DA:5,3
DA:6,3
DA:7,3
DA:8,3
DA:9,3
LF:5
LH:5
BRDA:4,0,0,3
BRF:1
BRH:1
end_of_record
TN:
SF:src\js\characters\Undead.js
FN:4,(anonymous_0)
FNF:1
FNH:1
FNDA:1,(anonymous_0)
DA:5,1
DA:6,1
DA:7,1
DA:8,1
DA:9,1
LF:5
LH:5
BRDA:4,0,0,1
BRF:1
BRH:1
end_of_record
TN:
SF:src\js\characters\Vampire.js
FN:4,(anonymous_0)
FNF:1
FNH:1
FNDA:2,(anonymous_0)
DA:5,2
DA:6,2
DA:7,2
DA:8,2
DA:9,2
LF:5
LH:5
BRDA:4,0,0,2
BRF:1
BRH:1
end_of_record
